<?xml version="1.0" encoding="UTF-8"?>
<testng-results ignored="0" total="1" passed="1" failed="0" skipped="0">
  <reporter-output>
  </reporter-output>
  <suite started-at="2024-03-09T12:57:44 IST" name="Default suite" finished-at="2024-03-09T12:57:44 IST" duration-ms="133">
    <groups>
    </groups>
    <test started-at="2024-03-09T12:57:44 IST" name="Default test" finished-at="2024-03-09T12:57:44 IST" duration-ms="133">
      <class name="Doctor.TestCase2Test">
        <test-method signature="test2()[pri:0, instance:Doctor.TestCase2Test@2794eab6]" started-at="2024-03-09T12:57:44 IST" name="test2" finished-at="2024-03-09T12:57:44 IST" duration-ms="22" status="PASS">
          <reporter-output>
          </reporter-output>
        </test-method> <!-- test2 -->
      </class> <!-- Doctor.TestCase2Test -->
    </test> <!-- Default test -->
  </suite> <!-- Default suite -->
</testng-results>
